2023-11-25T15:43:54+00:00 CRITICAL Uncaught Error: Call to undefined function seva_get_fonts() in C:\xampp\htdocs\wordpress\wp-content\themes\rara-ecommerce\inc\custom-functions.php:568
Stack trace:
#0 C:\xampp\htdocs\wordpress\wp-includes\class-wp-hook.php(324): rara_ecommerce_dynamic_mce_css_ajax_callback('')
#1 C:\xampp\htdocs\wordpress\wp-includes\class-wp-hook.php(348): WP_Hook->apply_filters('', Array)
#2 C:\xampp\htdocs\wordpress\wp-includes\plugin.php(517): WP_Hook->do_action(Array)
#3 C:\xampp\htdocs\wordpress\wp-admin\admin-ajax.php(188): do_action('wp_ajax_rara_ec...')
#4 {main}
  thrown în C:\xampp\htdocs\wordpress\wp-content\themes\rara-ecommerce\inc\custom-functions.php pe linia 568

2023-11-25T15:43:59+00:00 CRITICAL Uncaught Error: Call to undefined function seva_get_fonts() in C:\xampp\htdocs\wordpress\wp-content\themes\rara-ecommerce\inc\custom-functions.php:568
Stack trace:
#0 C:\xampp\htdocs\wordpress\wp-includes\class-wp-hook.php(324): rara_ecommerce_dynamic_mce_css_ajax_callback('')
#1 C:\xampp\htdocs\wordpress\wp-includes\class-wp-hook.php(348): WP_Hook->apply_filters('', Array)
#2 C:\xampp\htdocs\wordpress\wp-includes\plugin.php(517): WP_Hook->do_action(Array)
#3 C:\xampp\htdocs\wordpress\wp-admin\admin-ajax.php(188): do_action('wp_ajax_rara_ec...')
#4 {main}
  thrown în C:\xampp\htdocs\wordpress\wp-content\themes\rara-ecommerce\inc\custom-functions.php pe linia 568

2023-11-25T16:11:06+00:00 CRITICAL Uncaught Error: Call to undefined function seva_get_fonts() in C:\xampp\htdocs\wordpress\wp-content\themes\rara-ecommerce\inc\custom-functions.php:568
Stack trace:
#0 C:\xampp\htdocs\wordpress\wp-includes\class-wp-hook.php(324): rara_ecommerce_dynamic_mce_css_ajax_callback('')
#1 C:\xampp\htdocs\wordpress\wp-includes\class-wp-hook.php(348): WP_Hook->apply_filters('', Array)
#2 C:\xampp\htdocs\wordpress\wp-includes\plugin.php(517): WP_Hook->do_action(Array)
#3 C:\xampp\htdocs\wordpress\wp-admin\admin-ajax.php(188): do_action('wp_ajax_rara_ec...')
#4 {main}
  thrown în C:\xampp\htdocs\wordpress\wp-content\themes\rara-ecommerce\inc\custom-functions.php pe linia 568

2023-11-25T16:11:15+00:00 CRITICAL Uncaught Error: Call to undefined function seva_get_fonts() in C:\xampp\htdocs\wordpress\wp-content\themes\rara-ecommerce\inc\custom-functions.php:568
Stack trace:
#0 C:\xampp\htdocs\wordpress\wp-includes\class-wp-hook.php(324): rara_ecommerce_dynamic_mce_css_ajax_callback('')
#1 C:\xampp\htdocs\wordpress\wp-includes\class-wp-hook.php(348): WP_Hook->apply_filters('', Array)
#2 C:\xampp\htdocs\wordpress\wp-includes\plugin.php(517): WP_Hook->do_action(Array)
#3 C:\xampp\htdocs\wordpress\wp-admin\admin-ajax.php(188): do_action('wp_ajax_rara_ec...')
#4 {main}
  thrown în C:\xampp\htdocs\wordpress\wp-content\themes\rara-ecommerce\inc\custom-functions.php pe linia 568

